25-03-01 08:26:25.631 : 01_fudan
25-03-01 08:26:25.848 : 0000001.png - PSNR: 25.66 dB
25-03-01 08:26:26.043 : 0000002.png - PSNR: 21.02 dB
25-03-01 08:26:26.252 : 0000003.png - PSNR: 26.43 dB
25-03-01 08:26:26.434 : 0000004.png - PSNR: 24.12 dB
25-03-01 08:26:26.709 : 0000005.png - PSNR: 25.12 dB
25-03-01 08:26:26.932 : 0000006.png - PSNR: 20.39 dB
25-03-01 08:26:27.088 : 0000007.png - PSNR: 19.33 dB
25-03-01 08:26:27.208 : 0000008.png - PSNR: 23.38 dB
25-03-01 08:26:27.325 : 0000009.png - PSNR: 23.26 dB
25-03-01 08:26:27.485 : 0000010.png - PSNR: 20.99 dB
25-03-01 08:26:27.652 : 0000011.png - PSNR: 25.67 dB
25-03-01 08:26:27.855 : 0000012.png - PSNR: 25.07 dB
25-03-01 08:26:28.084 : 0000013.png - PSNR: 26.07 dB
25-03-01 08:26:28.248 : 0000014.png - PSNR: 24.76 dB
25-03-01 08:26:28.359 : 0000015.png - PSNR: 22.90 dB
25-03-01 08:26:28.550 : 0000016.png - PSNR: 21.07 dB
25-03-01 08:26:28.727 : 0000017.png - PSNR: 22.54 dB
25-03-01 08:26:28.939 : 0000018.png - PSNR: 25.79 dB
25-03-01 08:26:29.193 : 0000019.png - PSNR: 22.59 dB
25-03-01 08:26:29.452 : 0000020.png - PSNR: 24.96 dB
25-03-01 08:26:29.646 : 0000021.png - PSNR: 24.21 dB
25-03-01 08:26:29.832 : 0000022.png - PSNR: 26.05 dB
25-03-01 08:26:30.045 : 0000023.png - PSNR: 31.47 dB
25-03-01 08:26:30.207 : 0000024.png - PSNR: 20.95 dB
25-03-01 08:26:30.359 : 0000025.png - PSNR: 25.84 dB
25-03-01 08:26:30.491 : 0000026.png - PSNR: 31.62 dB
25-03-01 08:26:30.626 : 0000027.png - PSNR: 22.53 dB
25-03-01 08:26:30.775 : 0000028.png - PSNR: 20.84 dB
25-03-01 08:26:30.933 : 0000029.png - PSNR: 24.54 dB
25-03-01 08:26:31.153 : 0000030.png - PSNR: 23.35 dB
25-03-01 08:26:31.319 : 0000031.png - PSNR: 35.48 dB
25-03-01 08:26:31.472 : 0000032.png - PSNR: 21.33 dB
25-03-01 08:26:31.630 : 0000033.png - PSNR: 24.64 dB
25-03-01 08:26:31.724 : 0000034.png - PSNR: 21.61 dB
25-03-01 08:26:31.823 : 0000035.png - PSNR: 27.48 dB
25-03-01 08:26:31.940 : 0000036.png - PSNR: 21.12 dB
25-03-01 08:26:32.135 : 0000037.png - PSNR: 23.60 dB
25-03-01 08:26:32.317 : 0000038.png - PSNR: 23.55 dB
25-03-01 08:26:32.533 : 0000039.png - PSNR: 22.54 dB
25-03-01 08:26:32.680 : 0000040.png - PSNR: 33.40 dB
25-03-01 08:26:32.838 : 0000041.png - PSNR: 24.75 dB
25-03-01 08:26:32.990 : 0000042.png - PSNR: 21.79 dB
25-03-01 08:26:33.256 : 0000043.png - PSNR: 23.10 dB
25-03-01 08:26:33.488 : 0000044.png - PSNR: 24.05 dB
25-03-01 08:26:33.595 : 0000045.png - PSNR: 25.28 dB
25-03-01 08:26:33.845 : 0000046.png - PSNR: 26.44 dB
25-03-01 08:26:34.198 : 0000047.png - PSNR: 21.37 dB
25-03-01 08:26:34.763 : 0000048.png - PSNR: 29.34 dB
25-03-01 08:26:35.334 : 0000049.png - PSNR: 24.82 dB
25-03-01 08:26:35.597 : 0000050.png - PSNR: 29.69 dB
25-03-01 08:26:35.742 : 0000051.png - PSNR: 23.71 dB
25-03-01 08:26:36.163 : 0000052.png - PSNR: 26.42 dB
25-03-01 08:26:36.827 : 0000053.png - PSNR: 32.08 dB
25-03-01 08:26:37.180 : 0000054.png - PSNR: 27.95 dB
25-03-01 08:26:37.340 : 0000055.png - PSNR: 27.06 dB
25-03-01 08:26:37.539 : 0000056.png - PSNR: 24.73 dB
25-03-01 08:26:37.683 : 0000057.png - PSNR: 22.54 dB
25-03-01 08:26:37.966 : 0000058.png - PSNR: 19.22 dB
25-03-01 08:26:38.239 : 0000059.png - PSNR: 23.22 dB
25-03-01 08:26:38.465 : 0000060.png - PSNR: 22.92 dB
25-03-01 08:26:38.716 : 0000061.png - PSNR: 23.90 dB
25-03-01 08:26:38.926 : 0000062.png - PSNR: 20.86 dB
25-03-01 08:26:39.089 : 0000063.png - PSNR: 21.32 dB
25-03-01 08:26:39.297 : 0000064.png - PSNR: 28.26 dB
25-03-01 08:26:39.535 : 0000065.png - PSNR: 20.95 dB
25-03-01 08:26:39.761 : 0000066.png - PSNR: 24.07 dB
25-03-01 08:26:39.922 : 0000067.png - PSNR: 22.96 dB
25-03-01 08:26:40.086 : 0000068.png - PSNR: 26.66 dB
25-03-01 08:26:40.301 : 0000069.png - PSNR: 29.13 dB
25-03-01 08:26:40.517 : 0000070.png - PSNR: 30.02 dB
25-03-01 08:26:40.706 : 0000071.png - PSNR: 26.75 dB
25-03-01 08:26:40.891 : 0000072.png - PSNR: 26.58 dB
25-03-01 08:26:41.117 : 0000073.png - PSNR: 22.21 dB
25-03-01 08:26:41.347 : 0000074.png - PSNR: 27.33 dB
25-03-01 08:26:41.546 : 0000075.png - PSNR: 28.89 dB
25-03-01 08:26:41.773 : 0000076.png - PSNR: 22.94 dB
25-03-01 08:26:41.916 : 0000077.png - PSNR: 24.39 dB
25-03-01 08:26:42.055 : 0000078.png - PSNR: 26.11 dB
25-03-01 08:26:42.229 : 0000079.png - PSNR: 24.35 dB
25-03-01 08:26:42.433 : 0000080.png - PSNR: 24.19 dB
25-03-01 08:26:42.635 : 0000081.png - PSNR: 23.75 dB
25-03-01 08:26:42.834 : 0000082.png - PSNR: 19.73 dB
25-03-01 08:26:43.034 : 0000083.png - PSNR: 29.92 dB
25-03-01 08:26:43.176 : 0000084.png - PSNR: 31.70 dB
25-03-01 08:26:43.279 : 0000085.png - PSNR: 24.99 dB
25-03-01 08:26:43.445 : 0000086.png - PSNR: 27.15 dB
25-03-01 08:26:43.621 : 0000087.png - PSNR: 31.44 dB
25-03-01 08:26:43.816 : 0000088.png - PSNR: 30.10 dB
25-03-01 08:26:43.963 : 0000089.png - PSNR: 22.59 dB
25-03-01 08:26:44.137 : 0000090.png - PSNR: 21.46 dB
25-03-01 08:26:44.340 : 0000091.png - PSNR: 22.05 dB
25-03-01 08:26:44.571 : 0000092.png - PSNR: 18.96 dB
25-03-01 08:26:44.719 : 0000093.png - PSNR: 24.86 dB
25-03-01 08:26:44.846 : 0000094.png - PSNR: 22.74 dB
25-03-01 08:26:44.972 : 0000095.png - PSNR: 26.52 dB
25-03-01 08:26:45.209 : 0000096.png - PSNR: 29.49 dB
25-03-01 08:26:45.386 : 0000097.png - PSNR: 29.29 dB
25-03-01 08:26:45.774 : 0000098.png - PSNR: 24.14 dB
25-03-01 08:26:46.011 : 0000099.png - PSNR: 21.69 dB
25-03-01 08:26:46.171 : 0000100.png - PSNR: 25.25 dB
25-03-01 08:26:46.560 : 0801.png - PSNR: 29.79 dB
25-03-01 08:26:47.002 : 0802.png - PSNR: 35.19 dB
25-03-01 08:26:47.495 : 0803.png - PSNR: 40.16 dB
25-03-01 08:26:47.966 : 0804.png - PSNR: 27.50 dB
25-03-01 08:26:48.459 : 0805.png - PSNR: 28.58 dB
25-03-01 08:26:48.944 : 0806.png - PSNR: 28.53 dB
25-03-01 08:26:49.362 : 0807.png - PSNR: 20.23 dB
25-03-01 08:26:49.791 : 0808.png - PSNR: 26.82 dB
25-03-01 08:26:50.254 : 0809.png - PSNR: 32.25 dB
25-03-01 08:26:50.772 : 0810.png - PSNR: 26.79 dB
25-03-01 08:26:51.260 : 0811.png - PSNR: 29.16 dB
25-03-01 08:26:51.780 : 0812.png - PSNR: 27.97 dB
25-03-01 08:26:52.291 : 0813.png - PSNR: 31.35 dB
25-03-01 08:26:52.729 : 0814.png - PSNR: 28.39 dB
25-03-01 08:26:53.133 : 0815.png - PSNR: 34.06 dB
25-03-01 08:26:53.606 : 0816.png - PSNR: 31.69 dB
25-03-01 08:26:54.115 : 0817.png - PSNR: 32.19 dB
25-03-01 08:26:54.663 : 0818.png - PSNR: 28.96 dB
25-03-01 08:26:55.163 : 0819.png - PSNR: 28.07 dB
25-03-01 08:26:55.639 : 0820.png - PSNR: 24.92 dB
25-03-01 08:26:56.120 : 0821.png - PSNR: 32.08 dB
25-03-01 08:26:56.648 : 0822.png - PSNR: 30.62 dB
25-03-01 08:26:57.140 : 0823.png - PSNR: 26.03 dB
25-03-01 08:26:57.575 : 0824.png - PSNR: 28.38 dB
25-03-01 08:26:58.060 : 0825.png - PSNR: 27.33 dB
25-03-01 08:26:58.596 : 0826.png - PSNR: 24.22 dB
25-03-01 08:26:59.133 : 0827.png - PSNR: 33.55 dB
25-03-01 08:26:59.627 : 0828.png - PSNR: 20.87 dB
25-03-01 08:27:00.076 : 0829.png - PSNR: 26.61 dB
25-03-01 08:27:00.411 : 0830.png - PSNR: 24.48 dB
25-03-01 08:27:00.813 : 0831.png - PSNR: 30.14 dB
25-03-01 08:27:01.303 : 0832.png - PSNR: 30.89 dB
25-03-01 08:27:01.806 : 0833.png - PSNR: 34.06 dB
25-03-01 08:27:02.261 : 0834.png - PSNR: 25.45 dB
25-03-01 08:27:02.763 : 0835.png - PSNR: 22.96 dB
25-03-01 08:27:03.288 : 0836.png - PSNR: 25.84 dB
25-03-01 08:27:03.764 : 0837.png - PSNR: 26.21 dB
25-03-01 08:27:04.205 : 0838.png - PSNR: 37.74 dB
25-03-01 08:27:04.625 : 0839.png - PSNR: 29.09 dB
25-03-01 08:27:05.036 : 0840.png - PSNR: 28.49 dB
25-03-01 08:27:05.500 : 0841.png - PSNR: 28.20 dB
25-03-01 08:27:05.947 : 0842.png - PSNR: 30.11 dB
25-03-01 08:27:06.350 : 0843.png - PSNR: 40.80 dB
25-03-01 08:27:06.747 : 0844.png - PSNR: 43.98 dB
25-03-01 08:27:07.198 : 0845.png - PSNR: 24.22 dB
25-03-01 08:27:07.674 : 0846.png - PSNR: 25.53 dB
25-03-01 08:27:08.137 : 0847.png - PSNR: 27.69 dB
25-03-01 08:27:08.654 : 0848.png - PSNR: 27.20 dB
25-03-01 08:27:09.168 : 0849.png - PSNR: 22.36 dB
25-03-01 08:27:09.657 : 0850.png - PSNR: 29.06 dB
25-03-01 08:27:10.128 : 0851.png - PSNR: 28.47 dB
25-03-01 08:27:10.527 : 0852.png - PSNR: 30.05 dB
25-03-01 08:27:10.966 : 0853.png - PSNR: 34.03 dB
25-03-01 08:27:11.363 : 0854.png - PSNR: 24.96 dB
25-03-01 08:27:11.968 : 0855.png - PSNR: 29.40 dB
25-03-01 08:27:12.511 : 0856.png - PSNR: 24.43 dB
25-03-01 08:27:12.974 : 0857.png - PSNR: 34.90 dB
25-03-01 08:27:13.469 : 0858.png - PSNR: 28.54 dB
25-03-01 08:27:13.931 : 0859.png - PSNR: 25.64 dB
25-03-01 08:27:14.458 : 0860.png - PSNR: 20.65 dB
25-03-01 08:27:14.964 : 0861.png - PSNR: 23.12 dB
25-03-01 08:27:15.425 : 0862.png - PSNR: 33.15 dB
25-03-01 08:27:15.914 : 0863.png - PSNR: 33.20 dB
25-03-01 08:27:16.382 : 0864.png - PSNR: 29.95 dB
25-03-01 08:27:16.897 : 0865.png - PSNR: 27.29 dB
25-03-01 08:27:17.409 : 0866.png - PSNR: 25.23 dB
25-03-01 08:27:17.909 : 0867.png - PSNR: 28.48 dB
25-03-01 08:27:18.315 : 0868.png - PSNR: 32.74 dB
25-03-01 08:27:18.719 : 0869.png - PSNR: 23.79 dB
25-03-01 08:27:19.241 : 0870.png - PSNR: 28.65 dB
25-03-01 08:27:19.737 : 0871.png - PSNR: 32.09 dB
25-03-01 08:27:20.220 : 0872.png - PSNR: 24.04 dB
25-03-01 08:27:20.705 : 0873.png - PSNR: 24.03 dB
25-03-01 08:27:21.178 : 0874.png - PSNR: 30.16 dB
25-03-01 08:27:21.732 : 0875.png - PSNR: 24.38 dB
25-03-01 08:27:22.231 : 0876.png - PSNR: 22.21 dB
25-03-01 08:27:22.645 : 0877.png - PSNR: 40.12 dB
25-03-01 08:27:23.173 : 0878.png - PSNR: 32.12 dB
25-03-01 08:27:23.838 : 0879.png - PSNR: 27.25 dB
25-03-01 08:27:24.339 : 0880.png - PSNR: 32.30 dB
25-03-01 08:27:24.765 : 0881.png - PSNR: 25.97 dB
25-03-01 08:27:25.218 : 0882.png - PSNR: 34.20 dB
25-03-01 08:27:25.722 : 0883.png - PSNR: 26.38 dB
25-03-01 08:27:26.189 : 0884.png - PSNR: 25.92 dB
25-03-01 08:27:26.677 : 0885.png - PSNR: 23.00 dB
25-03-01 08:27:27.122 : 0886.png - PSNR: 36.41 dB
25-03-01 08:27:27.579 : 0887.png - PSNR: 25.28 dB
25-03-01 08:27:28.046 : 0888.png - PSNR: 30.51 dB
25-03-01 08:27:28.544 : 0889.png - PSNR: 30.89 dB
25-03-01 08:27:28.995 : 0890.png - PSNR: 25.27 dB
25-03-01 08:27:29.513 : 0891.png - PSNR: 26.83 dB
25-03-01 08:27:30.000 : 0892.png - PSNR: 30.05 dB
25-03-01 08:27:30.468 : 0893.png - PSNR: 33.20 dB
25-03-01 08:27:30.961 : 0894.png - PSNR: 31.73 dB
25-03-01 08:27:31.414 : 0895.png - PSNR: 20.46 dB
25-03-01 08:27:31.866 : 0896.png - PSNR: 39.04 dB
25-03-01 08:27:32.311 : 0897.png - PSNR: 22.19 dB
25-03-01 08:27:32.741 : 0898.png - PSNR: 34.47 dB
25-03-01 08:27:33.215 : 0899.png - PSNR: 31.12 dB
25-03-01 08:27:33.657 : 0900.png - PSNR: 27.84 dB
25-03-01 08:27:33.787 :       Max Memory : 588.933 [M]
25-03-01 08:27:33.787 : ------> Average runtime of (valid) is : 35.051663 milliseconds
25-03-01 08:27:33.787 : ------> Average PSNR of (valid) is : 26.901789 dB
25-03-01 08:27:33.824 :     #Activations : 186.7232 [M]
25-03-01 08:27:33.825 :          #Conv2d : 168
25-03-01 08:27:34.469 :            FLOPs : 4.1738 [G]
25-03-01 08:27:34.470 :          #Params : 0.0660 [M]
